[2024-12-11T00:14:28.986+0000] {taskinstance.py:1979} INFO - Dependencies all met for dep_context=non-requeueable deps ti=<TaskInstance: customer_metrics.audit_labeled_transactions scheduled__2024-12-10T00:00:00+00:00 [queued]>
[2024-12-11T00:14:28.993+0000] {taskinstance.py:1979} INFO - Dependencies all met for dep_context=requeueable deps ti=<TaskInstance: customer_metrics.audit_labeled_transactions scheduled__2024-12-10T00:00:00+00:00 [queued]>
[2024-12-11T00:14:28.993+0000] {taskinstance.py:2193} INFO - Starting attempt 1 of 1
[2024-12-11T00:14:29.000+0000] {taskinstance.py:2214} INFO - Executing <Task(_PythonExternalDecoratedOperator): audit_labeled_transactions> on 2024-12-10 00:00:00+00:00
[2024-12-11T00:14:29.002+0000] {standard_task_runner.py:60} INFO - Started process 13002 to run task
[2024-12-11T00:14:29.004+0000] {standard_task_runner.py:87} INFO - Running: ['airflow', 'tasks', 'run', 'customer_metrics', 'audit_labeled_transactions', 'scheduled__2024-12-10T00:00:00+00:00', '--job-id', '27', '--raw', '--subdir', 'DAGS_FOLDER/customer_metrics.py', '--cfg-path', '/tmp/tmp_kc7piz_']
[2024-12-11T00:14:29.006+0000] {standard_task_runner.py:88} INFO - Job 27: Subtask audit_labeled_transactions
[2024-12-11T00:14:29.029+0000] {task_command.py:423} INFO - Running <TaskInstance: customer_metrics.audit_labeled_transactions scheduled__2024-12-10T00:00:00+00:00 [running]> on host 621786dbe92c
[2024-12-11T00:14:29.067+0000] {taskinstance.py:2510} INFO - Exporting env vars: AIRFLOW_CTX_DAG_OWNER='airflow' AIRFLOW_CTX_DAG_ID='customer_metrics' AIRFLOW_CTX_TASK_ID='audit_labeled_transactions' AIRFLOW_CTX_EXECUTION_DATE='2024-12-10T00:00:00+00:00' AIRFLOW_CTX_TRY_NUMBER='1' AIRFLOW_CTX_DAG_RUN_ID='scheduled__2024-12-10T00:00:00+00:00'
[2024-12-11T00:14:29.082+0000] {python.py:913} WARNING - When checking for Airflow installed in virtual environment got Command '['/opt/airflow/soda_venv/bin/python', '-c', 'from airflow import __version__; print(__version__)']' returned non-zero exit status 1.
[2024-12-11T00:14:29.083+0000] {python.py:914} WARNING - This means that Airflow is not properly installed by  /opt/airflow/soda_venv/bin/python. Airflow context keys will not be available. Please Install Airflow 2.8.2 in your environment to access them.
[2024-12-11T00:14:29.103+0000] {process_utils.py:182} INFO - Executing cmd: /opt/airflow/soda_venv/bin/python /tmp/venv-call_n13bzsy/script.py /tmp/venv-call_n13bzsy/script.in /tmp/venv-call_n13bzsy/script.out /tmp/venv-call_n13bzsy/string_args.txt /tmp/venv-call_n13bzsy/termination.log
[2024-12-11T00:14:29.108+0000] {process_utils.py:186} INFO - Output:
[2024-12-11T00:14:33.245+0000] {process_utils.py:190} INFO - Running Soda Scan ...
[2024-12-11T00:14:33.246+0000] {process_utils.py:190} INFO - INFO   | Soda Core 3.2.2
[2024-12-11T00:14:33.246+0000] {process_utils.py:190} INFO - DEBUG  | Reading configuration file "include/soda/configuration.yml"
[2024-12-11T00:14:33.247+0000] {process_utils.py:190} INFO - DEBUG  | Reading SodaCL file "include/soda/checks/tables/customer_transactions.yml"
[2024-12-11T00:14:33.247+0000] {process_utils.py:190} INFO - DEBUG  | Reading SodaCL file "include/soda/checks/tables/labeled_transactions.yml"
[2024-12-11T00:14:33.247+0000] {process_utils.py:190} INFO - DEBUG  | Scan execution starts
[2024-12-11T00:14:33.248+0000] {process_utils.py:190} INFO - DEBUG  | Query staging.customer_transactions.aggregation[0]:
[2024-12-11T00:14:33.248+0000] {process_utils.py:190} INFO - SELECT
[2024-12-11T00:14:33.248+0000] {process_utils.py:190} INFO -   COUNT(*),
[2024-12-11T00:14:33.249+0000] {process_utils.py:190} INFO -   COUNT(CASE WHEN transaction_id IS NULL THEN 1 END),
[2024-12-11T00:14:33.249+0000] {process_utils.py:190} INFO -   COUNT(CASE WHEN user_id IS NULL THEN 1 END),
[2024-12-11T00:14:33.249+0000] {process_utils.py:190} INFO -   COUNT(CASE WHEN transaction_date IS NULL THEN 1 END),
[2024-12-11T00:14:33.250+0000] {process_utils.py:190} INFO -   COUNT(CASE WHEN amount IS NULL THEN 1 END)
[2024-12-11T00:14:33.250+0000] {process_utils.py:190} INFO - FROM AIRBYTE_DATABASE.STAGING.customer_transactions
[2024-12-11T00:14:33.250+0000] {process_utils.py:190} INFO - DEBUG  | Query staging.customer_transactions.transaction_id.duplicate_count:
[2024-12-11T00:14:33.251+0000] {process_utils.py:190} INFO - 
[2024-12-11T00:14:33.251+0000] {process_utils.py:190} INFO - WITH frequencies AS (
[2024-12-11T00:14:33.251+0000] {process_utils.py:190} INFO -     SELECT COUNT(*) AS frequency
[2024-12-11T00:14:33.251+0000] {process_utils.py:190} INFO -     FROM AIRBYTE_DATABASE.STAGING.customer_transactions
[2024-12-11T00:14:33.251+0000] {process_utils.py:190} INFO -     WHERE transaction_id IS NOT NULL
[2024-12-11T00:14:33.252+0000] {process_utils.py:190} INFO -     GROUP BY transaction_id)
[2024-12-11T00:14:33.252+0000] {process_utils.py:190} INFO - SELECT COUNT(*)
[2024-12-11T00:14:33.252+0000] {process_utils.py:190} INFO - FROM frequencies
[2024-12-11T00:14:33.252+0000] {process_utils.py:190} INFO - WHERE frequency > 1
[2024-12-11T00:14:33.252+0000] {process_utils.py:190} INFO - DEBUG  | Query staging.customer_transactions.duplicate_count[transaction_id].failed_rows.aggregated:
[2024-12-11T00:14:33.253+0000] {process_utils.py:190} INFO - 
[2024-12-11T00:14:33.253+0000] {process_utils.py:190} INFO - WITH frequencies AS (
[2024-12-11T00:14:33.253+0000] {process_utils.py:190} INFO -     SELECT transaction_id, COUNT(*) AS frequency
[2024-12-11T00:14:33.253+0000] {process_utils.py:190} INFO -     FROM AIRBYTE_DATABASE.STAGING.customer_transactions
[2024-12-11T00:14:33.253+0000] {process_utils.py:190} INFO -     WHERE transaction_id IS NOT NULL
[2024-12-11T00:14:33.253+0000] {process_utils.py:190} INFO -     GROUP BY transaction_id)
[2024-12-11T00:14:33.254+0000] {process_utils.py:190} INFO - SELECT *
[2024-12-11T00:14:33.254+0000] {process_utils.py:190} INFO - FROM frequencies
[2024-12-11T00:14:33.254+0000] {process_utils.py:190} INFO - WHERE frequency > 1
[2024-12-11T00:14:33.254+0000] {process_utils.py:190} INFO - ORDER BY frequency DESC
[2024-12-11T00:14:33.254+0000] {process_utils.py:190} INFO - LIMIT 100
[2024-12-11T00:14:33.255+0000] {process_utils.py:190} INFO - DEBUG  | Query staging.labeled_transactions.aggregation[0]:
[2024-12-11T00:14:33.255+0000] {process_utils.py:190} INFO - SELECT
[2024-12-11T00:14:33.255+0000] {process_utils.py:190} INFO -   COUNT(*),
[2024-12-11T00:14:33.255+0000] {process_utils.py:190} INFO -   COUNT(CASE WHEN transaction_id IS NULL THEN 1 END),
[2024-12-11T00:14:33.255+0000] {process_utils.py:190} INFO -   COUNT(CASE WHEN is_fraudulent IS NULL THEN 1 END)
[2024-12-11T00:14:33.256+0000] {process_utils.py:190} INFO - FROM AIRBYTE_DATABASE.STAGING.labeled_transactions
[2024-12-11T00:14:33.256+0000] {process_utils.py:190} INFO - DEBUG  | Query staging.labeled_transactions.transaction_id.duplicate_count:
[2024-12-11T00:14:33.256+0000] {process_utils.py:190} INFO - 
[2024-12-11T00:14:33.256+0000] {process_utils.py:190} INFO - WITH frequencies AS (
[2024-12-11T00:14:33.256+0000] {process_utils.py:190} INFO -     SELECT COUNT(*) AS frequency
[2024-12-11T00:14:33.256+0000] {process_utils.py:190} INFO -     FROM AIRBYTE_DATABASE.STAGING.labeled_transactions
[2024-12-11T00:14:33.257+0000] {process_utils.py:190} INFO -     WHERE transaction_id IS NOT NULL
[2024-12-11T00:14:33.257+0000] {process_utils.py:190} INFO -     GROUP BY transaction_id)
[2024-12-11T00:14:33.257+0000] {process_utils.py:190} INFO - SELECT COUNT(*)
[2024-12-11T00:14:33.257+0000] {process_utils.py:190} INFO - FROM frequencies
[2024-12-11T00:14:33.258+0000] {process_utils.py:190} INFO - WHERE frequency > 1
[2024-12-11T00:14:33.258+0000] {process_utils.py:190} INFO - DEBUG  | Query staging.labeled_transactions.duplicate_count[transaction_id].failed_rows.aggregated:
[2024-12-11T00:14:33.258+0000] {process_utils.py:190} INFO - 
[2024-12-11T00:14:33.258+0000] {process_utils.py:190} INFO - WITH frequencies AS (
[2024-12-11T00:14:33.258+0000] {process_utils.py:190} INFO -     SELECT transaction_id, COUNT(*) AS frequency
[2024-12-11T00:14:33.259+0000] {process_utils.py:190} INFO -     FROM AIRBYTE_DATABASE.STAGING.labeled_transactions
[2024-12-11T00:14:33.259+0000] {process_utils.py:190} INFO -     WHERE transaction_id IS NOT NULL
[2024-12-11T00:14:33.259+0000] {process_utils.py:190} INFO -     GROUP BY transaction_id)
[2024-12-11T00:14:33.260+0000] {process_utils.py:190} INFO - SELECT *
[2024-12-11T00:14:33.260+0000] {process_utils.py:190} INFO - FROM frequencies
[2024-12-11T00:14:33.260+0000] {process_utils.py:190} INFO - WHERE frequency > 1
[2024-12-11T00:14:33.260+0000] {process_utils.py:190} INFO - ORDER BY frequency DESC
[2024-12-11T00:14:33.261+0000] {process_utils.py:190} INFO - LIMIT 100
[2024-12-11T00:14:33.261+0000] {process_utils.py:190} INFO - DEBUG  | Query staging.customer_transactions.schema[customer_transactions]:
[2024-12-11T00:14:33.262+0000] {process_utils.py:190} INFO - SELECT column_name, data_type, is_nullable
[2024-12-11T00:14:33.262+0000] {process_utils.py:190} INFO - FROM information_schema.columns
[2024-12-11T00:14:33.262+0000] {process_utils.py:190} INFO - WHERE upper(table_name) = 'CUSTOMER_TRANSACTIONS'
[2024-12-11T00:14:33.262+0000] {process_utils.py:190} INFO -   AND upper(table_catalog) = 'AIRBYTE_DATABASE'
[2024-12-11T00:14:33.263+0000] {process_utils.py:190} INFO -   AND upper(table_schema) = 'STAGING'
[2024-12-11T00:14:33.263+0000] {process_utils.py:190} INFO - ORDER BY ORDINAL_POSITION
[2024-12-11T00:14:33.263+0000] {process_utils.py:190} INFO - DEBUG  | Query staging.labeled_transactions.schema[labeled_transactions]:
[2024-12-11T00:14:33.263+0000] {process_utils.py:190} INFO - SELECT column_name, data_type, is_nullable
[2024-12-11T00:14:33.263+0000] {process_utils.py:190} INFO - FROM information_schema.columns
[2024-12-11T00:14:33.264+0000] {process_utils.py:190} INFO - WHERE upper(table_name) = 'LABELED_TRANSACTIONS'
[2024-12-11T00:14:33.264+0000] {process_utils.py:190} INFO -   AND upper(table_catalog) = 'AIRBYTE_DATABASE'
[2024-12-11T00:14:33.264+0000] {process_utils.py:190} INFO -   AND upper(table_schema) = 'STAGING'
[2024-12-11T00:14:33.264+0000] {process_utils.py:190} INFO - ORDER BY ORDINAL_POSITION
[2024-12-11T00:14:33.264+0000] {process_utils.py:190} INFO - DEBUG  | Query staging.reference[transaction_id]:
[2024-12-11T00:14:33.265+0000] {process_utils.py:190} INFO - 
[2024-12-11T00:14:33.265+0000] {process_utils.py:190} INFO - SELECT COUNT(*)
[2024-12-11T00:14:33.265+0000] {process_utils.py:190} INFO -     FROM AIRBYTE_DATABASE.STAGING.labeled_transactions  SOURCE
[2024-12-11T00:14:33.266+0000] {process_utils.py:190} INFO -     LEFT JOIN AIRBYTE_DATABASE.STAGING.customer_transactions TARGET on SOURCE.transaction_id = TARGET.transaction_id
[2024-12-11T00:14:33.266+0000] {process_utils.py:190} INFO - WHERE (SOURCE.transaction_id IS NOT NULL AND TARGET.transaction_id IS  NULL)
[2024-12-11T00:14:33.266+0000] {process_utils.py:190} INFO - DEBUG  | Query staging.transaction_id.failed_rows[reference]:
[2024-12-11T00:14:33.266+0000] {process_utils.py:190} INFO - 
[2024-12-11T00:14:33.266+0000] {process_utils.py:190} INFO - SELECT SOURCE.*
[2024-12-11T00:14:33.266+0000] {process_utils.py:190} INFO -     FROM AIRBYTE_DATABASE.STAGING.labeled_transactions  SOURCE
[2024-12-11T00:14:33.267+0000] {process_utils.py:190} INFO -     LEFT JOIN AIRBYTE_DATABASE.STAGING.customer_transactions TARGET on SOURCE.transaction_id = TARGET.transaction_id
[2024-12-11T00:14:33.267+0000] {process_utils.py:190} INFO - WHERE (SOURCE.transaction_id IS NOT NULL AND TARGET.transaction_id IS  NULL)
[2024-12-11T00:14:33.267+0000] {process_utils.py:190} INFO - LIMIT 100
[2024-12-11T00:14:33.267+0000] {process_utils.py:190} INFO - INFO   | Using DefaultSampler
[2024-12-11T00:14:33.267+0000] {process_utils.py:190} INFO - INFO   | Scan summary:
[2024-12-11T00:14:33.268+0000] {process_utils.py:190} INFO - DEBUG  | 10/10 queries OK
[2024-12-11T00:14:33.268+0000] {process_utils.py:190} INFO - DEBUG  |   staging.customer_transactions.aggregation[0] [OK] 0:00:00.190868
[2024-12-11T00:14:33.268+0000] {process_utils.py:190} INFO - DEBUG  |   staging.customer_transactions.transaction_id.duplicate_count [OK] 0:00:00.171295
[2024-12-11T00:14:33.268+0000] {process_utils.py:190} INFO - DEBUG  |   staging.customer_transactions.duplicate_count[transaction_id].failed_rows.aggregated [OK] 0:00:00.113001
[2024-12-11T00:14:33.268+0000] {process_utils.py:190} INFO - DEBUG  |   staging.labeled_transactions.aggregation[0] [OK] 0:00:00.138918
[2024-12-11T00:14:33.269+0000] {process_utils.py:190} INFO - DEBUG  |   staging.labeled_transactions.transaction_id.duplicate_count [OK] 0:00:00.144270
[2024-12-11T00:14:33.269+0000] {process_utils.py:190} INFO - DEBUG  |   staging.labeled_transactions.duplicate_count[transaction_id].failed_rows.aggregated [OK] 0:00:00.095127
[2024-12-11T00:14:33.269+0000] {process_utils.py:190} INFO - DEBUG  |   staging.customer_transactions.schema[customer_transactions] [OK] 0:00:00.958822
[2024-12-11T00:14:33.269+0000] {process_utils.py:190} INFO - DEBUG  |   staging.labeled_transactions.schema[labeled_transactions] [OK] 0:00:00.978441
[2024-12-11T00:14:33.269+0000] {process_utils.py:190} INFO - DEBUG  |   staging.reference[transaction_id] [OK] 0:00:00.303430
[2024-12-11T00:14:33.270+0000] {process_utils.py:190} INFO - DEBUG  |   staging.transaction_id.failed_rows[reference] [OK] 0:00:00.349457
[2024-12-11T00:14:33.270+0000] {process_utils.py:190} INFO - INFO   | 12/13 checks PASSED:
[2024-12-11T00:14:33.270+0000] {process_utils.py:190} INFO - INFO   |     customer_transactions in staging
[2024-12-11T00:14:33.270+0000] {process_utils.py:190} INFO - INFO   |       Table is empty [include/soda/checks/tables/customer_transactions.yml] [PASSED]
[2024-12-11T00:14:33.270+0000] {process_utils.py:190} INFO - INFO   |         check_value: 136
[2024-12-11T00:14:33.270+0000] {process_utils.py:190} INFO - INFO   |       Schema Check [include/soda/checks/tables/customer_transactions.yml] [PASSED]
[2024-12-11T00:14:33.271+0000] {process_utils.py:190} INFO - INFO   |         schema_measured = [_AIRBYTE_RAW_ID TEXT, _AIRBYTE_EXTRACTED_AT TIMESTAMP_TZ, _AIRBYTE_META VARIANT, AMOUNT FLOAT, USER_ID NUMBER, TRANSACTION_ID NUMBER, TRANSACTION_DATE TEXT, _AB_SOURCE_FILE_URL TEXT, _AB_SOURCE_FILE_LAST_MODIFIED TEXT]
[2024-12-11T00:14:33.271+0000] {process_utils.py:190} INFO - INFO   |       Duplicate transaction ids [include/soda/checks/tables/customer_transactions.yml] [PASSED]
[2024-12-11T00:14:33.271+0000] {process_utils.py:190} INFO - INFO   |         check_value: 0
[2024-12-11T00:14:33.271+0000] {process_utils.py:190} INFO - INFO   |       transaction ids cannot be null [include/soda/checks/tables/customer_transactions.yml] [PASSED]
[2024-12-11T00:14:33.271+0000] {process_utils.py:190} INFO - INFO   |         check_value: 0
[2024-12-11T00:14:33.271+0000] {process_utils.py:190} INFO - INFO   |       user ids cannot be null [include/soda/checks/tables/customer_transactions.yml] [PASSED]
[2024-12-11T00:14:33.272+0000] {process_utils.py:190} INFO - INFO   |         check_value: 0
[2024-12-11T00:14:33.272+0000] {process_utils.py:190} INFO - INFO   |       transaction dates cannot be null [include/soda/checks/tables/customer_transactions.yml] [PASSED]
[2024-12-11T00:14:33.272+0000] {process_utils.py:190} INFO - INFO   |         check_value: 0
[2024-12-11T00:14:33.272+0000] {process_utils.py:190} INFO - INFO   |       Amounts cannot be null [include/soda/checks/tables/customer_transactions.yml] [PASSED]
[2024-12-11T00:14:33.272+0000] {process_utils.py:190} INFO - INFO   |         check_value: 0
[2024-12-11T00:14:33.272+0000] {process_utils.py:190} INFO - INFO   |     labeled_transactions in staging
[2024-12-11T00:14:33.273+0000] {process_utils.py:190} INFO - INFO   |       Table is empty [include/soda/checks/tables/labeled_transactions.yml] [PASSED]
[2024-12-11T00:14:33.273+0000] {process_utils.py:190} INFO - INFO   |         check_value: 247
[2024-12-11T00:14:33.273+0000] {process_utils.py:190} INFO - INFO   |       Schema Check [include/soda/checks/tables/labeled_transactions.yml] [PASSED]
[2024-12-11T00:14:33.273+0000] {process_utils.py:190} INFO - INFO   |         schema_measured = [_AIRBYTE_RAW_ID TEXT, _AIRBYTE_EXTRACTED_AT TIMESTAMP_TZ, _AIRBYTE_META VARIANT, IS_FRAUDULENT BOOLEAN, TRANSACTION_ID NUMBER, _AB_SOURCE_FILE_URL TEXT, _AB_SOURCE_FILE_LAST_MODIFIED TEXT]
[2024-12-11T00:14:33.273+0000] {process_utils.py:190} INFO - INFO   |       Duplicate transaction ids [include/soda/checks/tables/labeled_transactions.yml] [PASSED]
[2024-12-11T00:14:33.274+0000] {process_utils.py:190} INFO - INFO   |         check_value: 0
[2024-12-11T00:14:33.274+0000] {process_utils.py:190} INFO - INFO   |       Transaction ids cannot be null [include/soda/checks/tables/labeled_transactions.yml] [PASSED]
[2024-12-11T00:14:33.274+0000] {process_utils.py:190} INFO - INFO   |         check_value: 0
[2024-12-11T00:14:33.274+0000] {process_utils.py:190} INFO - INFO   |       Is fraudulent values cannot be null [include/soda/checks/tables/labeled_transactions.yml] [PASSED]
[2024-12-11T00:14:33.274+0000] {process_utils.py:190} INFO - INFO   |         check_value: 0
[2024-12-11T00:14:33.274+0000] {process_utils.py:190} INFO - INFO   | 1/13 checks FAILED:
[2024-12-11T00:14:33.274+0000] {process_utils.py:190} INFO - INFO   |     labeled_transactions in staging
[2024-12-11T00:14:33.275+0000] {process_utils.py:190} INFO - INFO   |       Transaction IDs do not match with the reference table [include/soda/checks/tables/labeled_transactions.yml] [FAILED]
[2024-12-11T00:14:33.275+0000] {process_utils.py:190} INFO - INFO   |         value: 111
[2024-12-11T00:14:33.275+0000] {process_utils.py:190} INFO - INFO   | Oops! 1 failures. 0 warnings. 0 errors. 12 pass.
[2024-12-11T00:14:33.275+0000] {process_utils.py:190} INFO - Traceback (most recent call last):
[2024-12-11T00:14:33.275+0000] {process_utils.py:190} INFO -   File "/tmp/venv-call_n13bzsy/script.py", line 49, in <module>
[2024-12-11T00:14:33.275+0000] {process_utils.py:190} INFO -     res = audit_labeled_transactions(*arg_dict["args"], **arg_dict["kwargs"])
[2024-12-11T00:14:33.275+0000] {process_utils.py:190} INFO -   File "/tmp/venv-call_n13bzsy/script.py", line 22, in audit_labeled_transactions
[2024-12-11T00:14:33.276+0000] {process_utils.py:190} INFO -     check(scan_name, check_subpaths, data_source)
[2024-12-11T00:14:33.276+0000] {process_utils.py:190} INFO -   File "/opt/airflow/include/soda/helpers.py", line 22, in check
[2024-12-11T00:14:33.276+0000] {process_utils.py:190} INFO -     raise ValueError('Soda Scan failed')
[2024-12-11T00:14:33.276+0000] {process_utils.py:190} INFO - ValueError: Soda Scan failed
[2024-12-11T00:14:33.362+0000] {taskinstance.py:2728} ERROR - Task failed with exception
Traceback (most recent call last):
  File "/home/airflow/.local/lib/python3.8/site-packages/airflow/models/taskinstance.py", line 444, in _execute_task
    result = _execute_callable(context=context, **execute_callable_kwargs)
  File "/home/airflow/.local/lib/python3.8/site-packages/airflow/models/taskinstance.py", line 414, in _execute_callable
    return execute_callable(context=context, **execute_callable_kwargs)
  File "/home/airflow/.local/lib/python3.8/site-packages/airflow/decorators/base.py", line 241, in execute
    return_value = super().execute(context)
  File "/home/airflow/.local/lib/python3.8/site-packages/airflow/operators/python.py", line 401, in execute
    return super().execute(context=serializable_context)
  File "/home/airflow/.local/lib/python3.8/site-packages/airflow/operators/python.py", line 200, in execute
    return_value = self.execute_callable()
  File "/home/airflow/.local/lib/python3.8/site-packages/airflow/operators/python.py", line 861, in execute_callable
    return self._execute_python_callable_in_subprocess(python_path)
  File "/home/airflow/.local/lib/python3.8/site-packages/airflow/operators/python.py", line 478, in _execute_python_callable_in_subprocess
    raise AirflowException(error_msg) from None
airflow.exceptions.AirflowException: Process returned non-zero exit status 1.
Soda Scan failed
[2024-12-11T00:14:33.364+0000] {taskinstance.py:1149} INFO - Marking task as FAILED. dag_id=customer_metrics, task_id=audit_labeled_transactions, execution_date=20241210T000000, start_date=20241211T001428, end_date=20241211T001433
[2024-12-11T00:14:33.370+0000] {standard_task_runner.py:107} ERROR - Failed to execute job 27 for task audit_labeled_transactions (Process returned non-zero exit status 1.
Soda Scan failed; 13002)
[2024-12-11T00:14:33.411+0000] {local_task_job_runner.py:234} INFO - Task exited with return code 1
[2024-12-11T00:14:33.426+0000] {taskinstance.py:3309} INFO - 0 downstream tasks scheduled from follow-on schedule check
