[2024-12-10T16:12:43.146+0000] {taskinstance.py:1979} INFO - Dependencies all met for dep_context=non-requeueable deps ti=<TaskInstance: customer_metrics.publish.customer_metrics_run scheduled__2024-12-09T00:00:00+00:00 [queued]>
[2024-12-10T16:12:43.260+0000] {taskinstance.py:1979} INFO - Dependencies all met for dep_context=requeueable deps ti=<TaskInstance: customer_metrics.publish.customer_metrics_run scheduled__2024-12-09T00:00:00+00:00 [queued]>
[2024-12-10T16:12:43.261+0000] {taskinstance.py:2193} INFO - Starting attempt 1 of 1
[2024-12-10T16:12:43.267+0000] {taskinstance.py:2214} INFO - Executing <Task(DbtRunLocalOperator): publish.customer_metrics_run> on 2024-12-09 00:00:00+00:00
[2024-12-10T16:12:43.273+0000] {standard_task_runner.py:60} INFO - Started process 3556 to run task
[2024-12-10T16:12:43.276+0000] {standard_task_runner.py:87} INFO - Running: ['airflow', 'tasks', 'run', 'customer_metrics', 'publish.customer_metrics_run', 'scheduled__2024-12-09T00:00:00+00:00', '--job-id', '19', '--raw', '--subdir', 'DAGS_FOLDER/customer_metrics.py', '--cfg-path', '/tmp/tmpfydnq46s']
[2024-12-10T16:12:43.277+0000] {standard_task_runner.py:88} INFO - Job 19: Subtask publish.customer_metrics_run
[2024-12-10T16:12:43.302+0000] {task_command.py:423} INFO - Running <TaskInstance: customer_metrics.publish.customer_metrics_run scheduled__2024-12-09T00:00:00+00:00 [running]> on host 621786dbe92c
[2024-12-10T16:12:43.338+0000] {taskinstance.py:2510} INFO - Exporting env vars: AIRFLOW_CTX_DAG_OWNER='airflow' AIRFLOW_CTX_DAG_ID='customer_metrics' AIRFLOW_CTX_TASK_ID='publish.customer_metrics_run' AIRFLOW_CTX_EXECUTION_DATE='2024-12-09T00:00:00+00:00' AIRFLOW_CTX_TRY_NUMBER='1' AIRFLOW_CTX_DAG_RUN_ID='scheduled__2024-12-09T00:00:00+00:00'
[2024-12-10T16:12:43.340+0000] {local.py:202} INFO - Cloning project to writable temp directory /tmp/tmpv37jt839 from /opt/airflow/include/dbt/fraud
[2024-12-10T16:12:43.341+0000] {config.py:253} INFO - Using user-supplied profiles.yml at /opt/airflow/include/dbt/fraud/profiles.yml
[2024-12-10T16:12:43.342+0000] {local.py:235} INFO - Trying to run the command:
 ['/home/airflow/.local/bin/dbt', 'run', '--models', 'customer_metrics', '--profiles-dir', '/opt/airflow/include/dbt/fraud', '--profile', 'fraud', '--target', 'dev']
From /tmp/tmpv37jt839
[2024-12-10T16:12:43.342+0000] {local.py:236} INFO - Using environment variables keys: dict_keys(['AIRFLOW_CTX_DAG_OWNER', 'AIRFLOW_CTX_DAG_ID', 'AIRFLOW_CTX_TASK_ID', 'AIRFLOW_CTX_EXECUTION_DATE', 'AIRFLOW_CTX_TRY_NUMBER', 'AIRFLOW_CTX_DAG_RUN_ID'])
[2024-12-10T16:12:43.343+0000] {subprocess.py:60} INFO - Tmp dir root location: 
 /tmp
[2024-12-10T16:12:43.343+0000] {subprocess.py:73} INFO - Running command: ['/home/airflow/.local/bin/dbt', 'run', '--models', 'customer_metrics', '--profiles-dir', '/opt/airflow/include/dbt/fraud', '--profile', 'fraud', '--target', 'dev']
[2024-12-10T16:12:43.349+0000] {subprocess.py:84} INFO - Command output:
[2024-12-10T16:12:44.053+0000] {subprocess.py:94} INFO - [0m16:12:44  Running with dbt=1.8.7
[2024-12-10T16:12:44.553+0000] {subprocess.py:94} INFO - [0m16:12:44  Registered adapter: snowflake=1.8.4
[2024-12-10T16:12:44.565+0000] {subprocess.py:94} INFO - [0m16:12:44  Unable to do partial parsing because saved manifest not found. Starting full parse.
[2024-12-10T16:12:45.321+0000] {subprocess.py:94} INFO - [0m16:12:45  Found 3 models, 454 macros
[2024-12-10T16:12:45.323+0000] {subprocess.py:94} INFO - [0m16:12:45
[2024-12-10T16:12:46.307+0000] {subprocess.py:94} INFO - [0m16:12:46  Concurrency: 1 threads (target='dev')
[2024-12-10T16:12:46.309+0000] {subprocess.py:94} INFO - [0m16:12:46
[2024-12-10T16:12:46.316+0000] {subprocess.py:94} INFO - [0m16:12:46  1 of 1 START sql table model prod.customer_metrics ............................. [RUN]
[2024-12-10T16:12:47.389+0000] {subprocess.py:94} INFO - [0m16:12:47  1 of 1 OK created sql table model prod.customer_metrics ........................ [[32mSUCCESS 1[0m in 1.07s]
[2024-12-10T16:12:47.390+0000] {subprocess.py:94} INFO - [0m16:12:47
[2024-12-10T16:12:47.391+0000] {subprocess.py:94} INFO - [0m16:12:47  Finished running 1 table model in 0 hours 0 minutes and 2.07 seconds (2.07s).
[2024-12-10T16:12:47.410+0000] {subprocess.py:94} INFO - [0m16:12:47
[2024-12-10T16:12:47.410+0000] {subprocess.py:94} INFO - [0m16:12:47  [32mCompleted successfully[0m
[2024-12-10T16:12:47.410+0000] {subprocess.py:94} INFO - [0m16:12:47
[2024-12-10T16:12:47.411+0000] {subprocess.py:94} INFO - [0m16:12:47  Done. PASS=1 WARN=0 ERROR=0 SKIP=0 TOTAL=1
[2024-12-10T16:12:48.056+0000] {subprocess.py:98} INFO - Command exited with return code 0
[2024-12-10T16:12:48.065+0000] {local.py:138} WARNING - Artifact schema version: https://schemas.getdbt.com/dbt/manifest/v12.json is above dbt-ol supported version 7. This might cause errors.
[2024-12-10T16:12:48.065+0000] {local.py:138} WARNING - Artifact schema version: https://schemas.getdbt.com/dbt/run-results/v6.json is above dbt-ol supported version 5. This might cause errors.
[2024-12-10T16:12:48.067+0000] {local.py:252} INFO - Inlets: []
[2024-12-10T16:12:48.068+0000] {local.py:253} INFO - Outlets: [Dataset(uri='snowflake://lk75072.eu-central-1.aws/AIRBYTE_DATABASE.prod.customer_metrics', extra=None)]
[2024-12-10T16:12:48.068+0000] {dag.py:3047} INFO - Sync 1 DAGs
[2024-12-10T16:12:48.085+0000] {dag.py:3834} INFO - Setting next_dagrun for customer_metrics to 2024-12-10 00:00:00+00:00, run_after=2024-12-11 00:00:00+00:00
[2024-12-10T16:12:48.099+0000] {local.py:371} INFO - [0m16:12:47  Done. PASS=1 WARN=0 ERROR=0 SKIP=0 TOTAL=1
[2024-12-10T16:12:48.101+0000] {logging_mixin.py:188} WARNING - /home/airflow/.local/lib/python3.8/site-packages/airflow/models/baseoperator.py:1469 RemovedInAirflow3Warning: Passing 'execution_date' to 'TaskInstance.xcom_push()' is deprecated.
[2024-12-10T16:12:48.113+0000] {taskinstance.py:1149} INFO - Marking task as SUCCESS. dag_id=customer_metrics, task_id=publish.customer_metrics_run, execution_date=20241209T000000, start_date=20241210T161243, end_date=20241210T161248
[2024-12-10T16:12:48.141+0000] {local_task_job_runner.py:234} INFO - Task exited with return code 0
[2024-12-10T16:12:48.151+0000] {taskinstance.py:3309} INFO - 0 downstream tasks scheduled from follow-on schedule check
