[2024-12-10T16:11:58.525+0000] {taskinstance.py:1979} INFO - Dependencies all met for dep_context=non-requeueable deps ti=<TaskInstance: customer_metrics.write_to_staging scheduled__2024-12-09T00:00:00+00:00 [queued]>
[2024-12-10T16:11:58.621+0000] {taskinstance.py:1979} INFO - Dependencies all met for dep_context=requeueable deps ti=<TaskInstance: customer_metrics.write_to_staging scheduled__2024-12-09T00:00:00+00:00 [queued]>
[2024-12-10T16:11:58.621+0000] {taskinstance.py:2193} INFO - Starting attempt 1 of 1
[2024-12-10T16:11:58.628+0000] {taskinstance.py:2214} INFO - Executing <Task(AirbyteTriggerSyncOperator): write_to_staging> on 2024-12-09 00:00:00+00:00
[2024-12-10T16:11:58.631+0000] {standard_task_runner.py:60} INFO - Started process 3216 to run task
[2024-12-10T16:11:58.633+0000] {standard_task_runner.py:87} INFO - Running: ['airflow', 'tasks', 'run', 'customer_metrics', 'write_to_staging', 'scheduled__2024-12-09T00:00:00+00:00', '--job-id', '13', '--raw', '--subdir', 'DAGS_FOLDER/customer_metrics.py', '--cfg-path', '/tmp/tmp5b8hlcl1']
[2024-12-10T16:11:58.637+0000] {standard_task_runner.py:88} INFO - Job 13: Subtask write_to_staging
[2024-12-10T16:11:58.669+0000] {task_command.py:423} INFO - Running <TaskInstance: customer_metrics.write_to_staging scheduled__2024-12-09T00:00:00+00:00 [running]> on host 621786dbe92c
[2024-12-10T16:11:58.713+0000] {taskinstance.py:2510} INFO - Exporting env vars: AIRFLOW_CTX_DAG_OWNER='airflow' AIRFLOW_CTX_DAG_ID='customer_metrics' AIRFLOW_CTX_TASK_ID='write_to_staging' AIRFLOW_CTX_EXECUTION_DATE='2024-12-09T00:00:00+00:00' AIRFLOW_CTX_TRY_NUMBER='1' AIRFLOW_CTX_DAG_RUN_ID='scheduled__2024-12-09T00:00:00+00:00'
[2024-12-10T16:11:58.718+0000] {base.py:83} INFO - Using connection ID 'airbyte' for task execution.
[2024-12-10T16:11:58.828+0000] {airbyte.py:86} INFO - Job 16 was submitted to Airbyte Server
[2024-12-10T16:11:58.829+0000] {airbyte.py:88} INFO - Waiting for job 16 to complete
[2024-12-10T16:12:01.835+0000] {base.py:83} INFO - Using connection ID 'airbyte' for task execution.
[2024-12-10T16:12:04.847+0000] {base.py:83} INFO - Using connection ID 'airbyte' for task execution.
[2024-12-10T16:12:07.871+0000] {base.py:83} INFO - Using connection ID 'airbyte' for task execution.
[2024-12-10T16:12:10.902+0000] {base.py:83} INFO - Using connection ID 'airbyte' for task execution.
[2024-12-10T16:12:13.923+0000] {base.py:83} INFO - Using connection ID 'airbyte' for task execution.
[2024-12-10T16:12:16.949+0000] {base.py:83} INFO - Using connection ID 'airbyte' for task execution.
[2024-12-10T16:12:19.971+0000] {base.py:83} INFO - Using connection ID 'airbyte' for task execution.
[2024-12-10T16:12:19.983+0000] {airbyte.py:112} INFO - Job 16 completed successfully
[2024-12-10T16:12:20.002+0000] {taskinstance.py:1149} INFO - Marking task as SUCCESS. dag_id=customer_metrics, task_id=write_to_staging, execution_date=20241209T000000, start_date=20241210T161158, end_date=20241210T161220
[2024-12-10T16:12:20.033+0000] {local_task_job_runner.py:234} INFO - Task exited with return code 0
[2024-12-10T16:12:20.050+0000] {taskinstance.py:3309} INFO - 1 downstream tasks scheduled from follow-on schedule check
