[2024-12-11T00:13:52.982+0000] {taskinstance.py:1979} INFO - Dependencies all met for dep_context=non-requeueable deps ti=<TaskInstance: customer_metrics.write_to_staging scheduled__2024-12-10T00:00:00+00:00 [queued]>
[2024-12-11T00:13:52.986+0000] {taskinstance.py:1979} INFO - Dependencies all met for dep_context=requeueable deps ti=<TaskInstance: customer_metrics.write_to_staging scheduled__2024-12-10T00:00:00+00:00 [queued]>
[2024-12-11T00:13:52.986+0000] {taskinstance.py:2193} INFO - Starting attempt 1 of 1
[2024-12-11T00:13:52.991+0000] {taskinstance.py:2214} INFO - Executing <Task(AirbyteTriggerSyncOperator): write_to_staging> on 2024-12-10 00:00:00+00:00
[2024-12-11T00:13:52.994+0000] {standard_task_runner.py:60} INFO - Started process 12864 to run task
[2024-12-11T00:13:52.996+0000] {standard_task_runner.py:87} INFO - Running: ['airflow', 'tasks', 'run', 'customer_metrics', 'write_to_staging', 'scheduled__2024-12-10T00:00:00+00:00', '--job-id', '25', '--raw', '--subdir', 'DAGS_FOLDER/customer_metrics.py', '--cfg-path', '/tmp/tmpj2idbi2_']
[2024-12-11T00:13:52.997+0000] {standard_task_runner.py:88} INFO - Job 25: Subtask write_to_staging
[2024-12-11T00:13:53.019+0000] {task_command.py:423} INFO - Running <TaskInstance: customer_metrics.write_to_staging scheduled__2024-12-10T00:00:00+00:00 [running]> on host 621786dbe92c
[2024-12-11T00:13:53.053+0000] {taskinstance.py:2510} INFO - Exporting env vars: AIRFLOW_CTX_DAG_OWNER='airflow' AIRFLOW_CTX_DAG_ID='customer_metrics' AIRFLOW_CTX_TASK_ID='write_to_staging' AIRFLOW_CTX_EXECUTION_DATE='2024-12-10T00:00:00+00:00' AIRFLOW_CTX_TRY_NUMBER='1' AIRFLOW_CTX_DAG_RUN_ID='scheduled__2024-12-10T00:00:00+00:00'
[2024-12-11T00:13:53.057+0000] {base.py:83} INFO - Using connection ID 'airbyte' for task execution.
[2024-12-11T00:13:53.156+0000] {airbyte.py:86} INFO - Job 18 was submitted to Airbyte Server
[2024-12-11T00:13:53.156+0000] {airbyte.py:88} INFO - Waiting for job 18 to complete
[2024-12-11T00:13:56.167+0000] {base.py:83} INFO - Using connection ID 'airbyte' for task execution.
[2024-12-11T00:13:59.187+0000] {base.py:83} INFO - Using connection ID 'airbyte' for task execution.
[2024-12-11T00:14:02.215+0000] {base.py:83} INFO - Using connection ID 'airbyte' for task execution.
[2024-12-11T00:14:05.239+0000] {base.py:83} INFO - Using connection ID 'airbyte' for task execution.
[2024-12-11T00:14:08.252+0000] {base.py:83} INFO - Using connection ID 'airbyte' for task execution.
[2024-12-11T00:14:11.276+0000] {base.py:83} INFO - Using connection ID 'airbyte' for task execution.
[2024-12-11T00:14:14.292+0000] {base.py:83} INFO - Using connection ID 'airbyte' for task execution.
[2024-12-11T00:14:17.338+0000] {base.py:83} INFO - Using connection ID 'airbyte' for task execution.
[2024-12-11T00:14:20.368+0000] {base.py:83} INFO - Using connection ID 'airbyte' for task execution.
[2024-12-11T00:14:20.381+0000] {airbyte.py:112} INFO - Job 18 completed successfully
[2024-12-11T00:14:20.402+0000] {taskinstance.py:1149} INFO - Marking task as SUCCESS. dag_id=customer_metrics, task_id=write_to_staging, execution_date=20241210T000000, start_date=20241211T001352, end_date=20241211T001420
[2024-12-11T00:14:20.424+0000] {local_task_job_runner.py:234} INFO - Task exited with return code 0
[2024-12-11T00:14:20.441+0000] {taskinstance.py:3309} INFO - 1 downstream tasks scheduled from follow-on schedule check
